<?xml version="1.0" encoding="UTF-8"?>
<testng-results ignored="0" total="1" passed="1" failed="0" skipped="0">
  <reporter-output>
  </reporter-output>
  <suite started-at="2021-05-19T10:46:59 IST" name="Default suite" finished-at="2021-05-19T10:47:01 IST" duration-ms="1204">
    <groups>
    </groups>
    <test started-at="2021-05-19T10:46:59 IST" name="Default test" finished-at="2021-05-19T10:47:01 IST" duration-ms="1204">
      <class name="tests.PostAPITest">
        <test-method is-config="true" signature="setup()[pri:0, instance:tests.PostAPITest@5c671d7f]" started-at="2021-05-19T10:46:59 IST" name="setup" finished-at="2021-05-19T10:46:59 IST" duration-ms="4" status="PASS">
          <reporter-output>
          </reporter-output>
        </test-method> <!-- setup -->
        <test-method signature="postApiTest()[pri:0, instance:tests.PostAPITest@5c671d7f]" started-at="2021-05-19T10:46:59 IST" name="postApiTest" finished-at="2021-05-19T10:47:01 IST" duration-ms="1171" status="PASS">
          <reporter-output>
          </reporter-output>
        </test-method> <!-- postApiTest -->
      </class> <!-- tests.PostAPITest -->
    </test> <!-- Default test -->
  </suite> <!-- Default suite -->
</testng-results>
