<?xml version="1.0" encoding="UTF-8"?>
<testng-results ignored="0" total="1" passed="1" failed="0" skipped="0">
  <reporter-output>
  </reporter-output>
  <suite started-at="2021-04-22T14:14:46 IST" name="Suite1" finished-at="2021-04-22T14:15:04 IST" duration-ms="18152">
    <groups>
    </groups>
    <test started-at="2021-04-22T14:14:46 IST" name="Test1" finished-at="2021-04-22T14:15:04 IST" duration-ms="18152">
      <class name="com.selenium.testCases.LoginClass">
        <test-method is-config="true" signature="setup1()[pri:0, instance:com.selenium.testCases.LoginClass@dd0c991]" started-at="2021-04-22T14:14:46 IST" name="setup1" finished-at="2021-04-22T14:14:46 IST" duration-ms="157" status="PASS">
          <reporter-output>
          </reporter-output>
        </test-method> <!-- setup1 -->
        <test-method is-config="true" signature="setUpTest()[pri:0, instance:com.selenium.testCases.LoginClass@dd0c991]" started-at="2021-04-22T14:14:46 IST" name="setUpTest" finished-at="2021-04-22T14:14:48 IST" duration-ms="2025" status="PASS">
          <reporter-output>
          </reporter-output>
        </test-method> <!-- setUpTest -->
        <test-method signature="test1()[pri:0, instance:com.selenium.testCases.LoginClass@dd0c991]" started-at="2021-04-22T14:14:48 IST" name="test1" finished-at="2021-04-22T14:15:04 IST" duration-ms="15662" status="PASS">
          <reporter-output>
          </reporter-output>
        </test-method> <!-- test1 -->
        <test-method is-config="true" signature="tearDown()[pri:0, instance:com.selenium.testCases.LoginClass@dd0c991]" started-at="2021-04-22T14:15:04 IST" name="tearDown" finished-at="2021-04-22T14:15:04 IST" duration-ms="276" status="PASS">
          <reporter-output>
          </reporter-output>
        </test-method> <!-- tearDown -->
        <test-method is-config="true" signature="tearDownTest()[pri:0, instance:com.selenium.testCases.LoginClass@dd0c991]" started-at="2021-04-22T14:15:04 IST" name="tearDownTest" finished-at="2021-04-22T14:15:04 IST" duration-ms="153" status="PASS">
          <reporter-output>
          </reporter-output>
        </test-method> <!-- tearDownTest -->
        <test-method is-config="true" signature="tearDown()[pri:0, instance:com.selenium.testCases.LoginClass@dd0c991]" started-at="2021-04-22T14:15:09 IST" name="tearDown" finished-at="2021-04-22T14:15:09 IST" duration-ms="44" status="PASS">
          <reporter-output>
          </reporter-output>
        </test-method> <!-- tearDown -->
      </class> <!-- com.selenium.testCases.LoginClass -->
    </test> <!-- Test1 -->
  </suite> <!-- Suite1 -->
</testng-results>
